<?xml version="1.0" encoding="UTF-8"?>
<!-- Generated by org.testng.reporters.JUnitXMLReporter -->
<testsuite ignored="0" hostname="DESKTOP-TG5I2M0" failures="1" tests="1" name="Default test" time="3.402" errors="0" timestamp="26 Dec 2021 19:52:59 GMT">
  <testcase classname="io.cucumber.testng.AbstractTestNGCucumberTests" name="runScenario" time="3.187">
    <failure type="java.lang.NullPointerException" message="Cannot invoke &amp;quot;org.openqa.selenium.SearchContext.findElement(org.openqa.selenium.By)&amp;quot; because &amp;quot;this.searchContext&amp;quot; is null">
      <![CDATA[java.lang.NullPointerException: Cannot invoke "org.openqa.selenium.SearchContext.findElement(org.openqa.selenium.By)" because "this.searchContext" is null
at org.openqa.selenium.support.pagefactory.DefaultElementLocator.findElement(DefaultElementLocator.java:69)
at org.openqa.selenium.support.pagefactory.internal.LocatingElementHandler.invoke(LocatingElementHandler.java:38)
at com.sun.proxy.$Proxy21.sendKeys(Unknown Source)
at com.pageobjectmodel.SearchPage.getSearchField(SearchPage.java:22)
at com.stepdefination.SearchSteps.user_enter_the_item_on_search_field(SearchSteps.java:26)
at ✽.User enter the item on search field "Qa testing"(file:///C:/Users/nirmi/eclipse-workspace/MasterMind10/CucumberFeature/Search.feature:4)
]]>
    </failure>
  </testcase> <!-- runScenario -->
</testsuite> <!-- Default test -->
