<?xml version="1.0" encoding="UTF-8"?>
<!-- Generated by org.testng.reporters.JUnitReportReporter -->
<testsuite hostname="DESKTOP-TG5I2M0" failures="0" tests="1" name="com.testrunner.TestRunner" time="3.187" errors="1" timestamp="26 Dec 2021 19:52:59 GMT" skipped="0">
  <testcase classname="com.testrunner.TestRunner" name="runScenario" time="3.187">
    <error message="Cannot invoke &quot;org.openqa.selenium.SearchContext.findElement(org.openqa.selenium.By)&quot; because &quot;this.searchContext&quot; is null" type="java.lang.NullPointerException">
      <![CDATA[java.lang.NullPointerException: Cannot invoke "org.openqa.selenium.SearchContext.findElement(org.openqa.selenium.By)" because "this.searchContext" is null
at org.openqa.selenium.support.pagefactory.DefaultElementLocator.findElement(DefaultElementLocator.java:69)
at org.openqa.selenium.support.pagefactory.internal.LocatingElementHandler.invoke(LocatingElementHandler.java:38)
at com.sun.proxy.$Proxy21.sendKeys(Unknown Source)
at com.pageobjectmodel.SearchPage.getSearchField(SearchPage.java:22)
at com.stepdefination.SearchSteps.user_enter_the_item_on_search_field(SearchSteps.java:26)
at ✽.User enter the item on search field "Qa testing"(file:///C:/Users/nirmi/eclipse-workspace/MasterMind10/CucumberFeature/Search.feature:4)
]]>
    </error>
  </testcase> <!-- runScenario -->
</testsuite> <!-- com.testrunner.TestRunner -->
